Using pre-set license
Built from '2020.2/release' branch; Version is '2020.2.2f1 (068178b99f32) revision 426360'; Using compiler version '192528614'; Build Type 'Release'
OS: 'Windows 10 Home Single Language; OS build 19041.804; Version 2004; 64bit' Language: 'en' Physical Memory: 7969 MB
BatchMode: 1, IsHumanControllingUs: 0, StartBugReporterOnCrash: 0, Is64bit: 1, IsPro: 0

 COMMAND LINE ARGUMENTS:
C:\Program Files\Unity\Hub\Editor\2020.2.2f1\Editor\Unity.exe
-adb2
-batchMode
-noUpm
-name
AssetImportWorker0
-projectPath
C:/Users/SHIVASHANKAR/Desktop/FINAL PROJECT/RocketProject/RocketProject
-logFile
Logs/AssetImportWorker0.log
-srvPort
56366
Successfully changed project path to: C:/Users/SHIVASHANKAR/Desktop/FINAL PROJECT/RocketProject/RocketProject
C:/Users/SHIVASHANKAR/Desktop/FINAL PROJECT/RocketProject/RocketProject
Using Asset Import Pipeline V2.
Refreshing native plugins compatible for Editor in 64.75 ms, found 0 plugins.
Preloading 0 native plugins for Editor in 0.00 ms.
Initialize engine version: 2020.2.2f1 (068178b99f32)
[Subsystems] Discovering subsystems at path C:/Program Files/Unity/Hub/Editor/2020.2.2f1/Editor/Data/Resources/UnitySubsystems
[Subsystems] Discovering subsystems at path C:/Users/SHIVASHANKAR/Desktop/FINAL PROJECT/RocketProject/RocketProject/Assets
GfxDevice: creating device client; threaded=0
Direct3D:
    Version:  Direct3D 11.0 [level 11.1]
    Renderer: Intel(R) Iris(R) Plus Graphics (ID=0x8a52)
    Vendor:   
    VRAM:     3984 MB
    Driver:   26.20.100.7926
Initialize mono
Mono path[0] = 'C:/Program Files/Unity/Hub/Editor/2020.2.2f1/Editor/Data/Managed'
Mono path[1] = 'C:/Program Files/Unity/Hub/Editor/2020.2.2f1/Editor/Data/MonoBleedingEdge/lib/mono/unityjit'
Mono config path = 'C:/Program Files/Unity/Hub/Editor/2020.2.2f1/Editor/Data/MonoBleedingEdge/etc'
Using monoOptions --debugger-agent=transport=dt_socket,embedding=1,server=y,suspend=n,address=127.0.0.1:56520
Begin MonoManager ReloadAssembly
Registering precompiled unity dll's ...
Register platform support module: C:/Program Files/Unity/Hub/Editor/2020.2.2f1/Editor/Data/PlaybackEngines/WindowsStandaloneSupport/UnityEditor.WindowsStandalone.Extensions.dll
Registered in 0.009496 seconds.
Native extension for WindowsStandalone target not found
Refreshing native plugins compatible for Editor in 107.62 ms, found 0 plugins.
Preloading 0 native plugins for Editor in 0.00 ms.
Invoked RoslynAnalysisRunner static constructor.
RoslynAnalysisRunner will not be running.
RoslynAnalysisRunner has terminated.
Mono: successfully reloaded assembly
- Completed reload, in  6.658 seconds
Platform modules already initialized, skipping
Registering precompiled user dll's ...
Registered in 0.004344 seconds.
Begin MonoManager ReloadAssembly
Native extension for WindowsStandalone target not found
Refreshing native plugins compatible for Editor in 0.43 ms, found 0 plugins.
Preloading 0 native plugins for Editor in 0.00 ms.
Invoked RoslynAnalysisRunner static constructor.
RoslynAnalysisRunner will not be running.
RoslynAnalysisRunner has terminated.
Mono: successfully reloaded assembly
- Completed reload, in  2.231 seconds
Platform modules already initialized, skipping
========================================================================
Worker process is ready to serve import requests
Launched and connected shader compiler UnityShaderCompiler.exe after 0.14 seconds
Refreshing native plugins compatible for Editor in 0.64 ms, found 0 plugins.
Preloading 0 native plugins for Editor in 0.00 ms.
Unloading 1174 Unused Serialized files (Serialized files now loaded: 0)
System memory in use before: 60.7 MB.
System memory in use after: 60.8 MB.

Unloading 12 unused Assets to reduce memory usage. Loaded Objects now: 1621.
Total: 3.496700 ms (FindLiveObjects: 0.362800 ms CreateObjectMapping: 0.180500 ms MarkObjects: 2.711100 ms  DeleteObjects: 0.238800 ms)

========================================================================
Received Import Request.
  path: Assets/GameManager.cs
  artifactKey: Guid(74418a0faac1e62448be343153eca29e) Importer(815301076,1909f56bfc062723c751e8b465ee728b)
Start importing Assets/GameManager.cs using Guid(74418a0faac1e62448be343153eca29e) Importer(815301076,1909f56bfc062723c751e8b465ee728b)  -> (artifact id: '54790c60698c3dba41d48162cf9374d6') in 0.078854 seconds
  Import took 0.084484 seconds .

========================================================================
Received Prepare
Registering precompiled user dll's ...
Registered in 0.039270 seconds.
Begin MonoManager ReloadAssembly
Native extension for WindowsStandalone target not found
Refreshing native plugins compatible for Editor in 0.70 ms, found 0 plugins.
Preloading 0 native plugins for Editor in 0.00 ms.
Invoked RoslynAnalysisRunner static constructor.
RoslynAnalysisRunner will not be running.
RoslynAnalysisRunner has terminated.
Mono: successfully reloaded assembly
- Completed reload, in 12.982 seconds
Platform modules already initialized, skipping
Refreshing native plugins compatible for Editor in 4.15 ms, found 0 plugins.
Preloading 0 native plugins for Editor in 0.00 ms.
Unloading 1156 Unused Serialized files (Serialized files now loaded: 0)
System memory in use before: 59.9 MB.
System memory in use after: 60.0 MB.

Unloading 7 unused Assets to reduce memory usage. Loaded Objects now: 1623.
Total: 19.717000 ms (FindLiveObjects: 2.028800 ms CreateObjectMapping: 0.938800 ms MarkObjects: 16.223200 ms  DeleteObjects: 0.499900 ms)

========================================================================
Received Import Request.
  Time since last request: 778.511303 seconds.
  path: Assets/GameManager.cs
  artifactKey: Guid(74418a0faac1e62448be343153eca29e) Importer(815301076,1909f56bfc062723c751e8b465ee728b)
Start importing Assets/GameManager.cs using Guid(74418a0faac1e62448be343153eca29e) Importer(815301076,1909f56bfc062723c751e8b465ee728b)  -> (artifact id: '9f8da7b3faf8e2c0d68e4f1d5411ea55') in 0.015455 seconds
  Import took 0.043389 seconds .

========================================================================
Received Import Request.
  Time since last request: 0.037289 seconds.
  path: Assets/GameManager.cs
  artifactKey: Guid(74418a0faac1e62448be343153eca29e) Importer(815301076,1909f56bfc062723c751e8b465ee728b)
Start importing Assets/GameManager.cs using Guid(74418a0faac1e62448be343153eca29e) Importer(815301076,1909f56bfc062723c751e8b465ee728b)  -> (artifact id: '9f8da7b3faf8e2c0d68e4f1d5411ea55') in 0.044719 seconds
  Import took 0.069226 seconds .

========================================================================
Received Import Request.
  Time since last request: 64.145469 seconds.
  path: Assets/GameManager.cs
  artifactKey: Guid(74418a0faac1e62448be343153eca29e) Importer(815301076,1909f56bfc062723c751e8b465ee728b)
Start importing Assets/GameManager.cs using Guid(74418a0faac1e62448be343153eca29e) Importer(815301076,1909f56bfc062723c751e8b465ee728b)  -> (artifact id: 'f2d3ce101f4167f7c98b69f8bec0c428') in 0.011271 seconds
  Import took 0.050870 seconds .

========================================================================
Received Import Request.
  Time since last request: 179.841867 seconds.
  path: Assets/GameManager.cs
  artifactKey: Guid(74418a0faac1e62448be343153eca29e) Importer(815301076,1909f56bfc062723c751e8b465ee728b)
Start importing Assets/GameManager.cs using Guid(74418a0faac1e62448be343153eca29e) Importer(815301076,1909f56bfc062723c751e8b465ee728b)  -> (artifact id: 'b86be36f0fe64fa4a0f653d6fec78f41') in 0.010996 seconds
  Import took 0.040944 seconds .

========================================================================
Received Import Request.
  Time since last request: 207.021882 seconds.
  path: Assets/GameManager.cs
  artifactKey: Guid(74418a0faac1e62448be343153eca29e) Importer(815301076,1909f56bfc062723c751e8b465ee728b)
Start importing Assets/GameManager.cs using Guid(74418a0faac1e62448be343153eca29e) Importer(815301076,1909f56bfc062723c751e8b465ee728b)  -> (artifact id: '1af49c95861d056e2d5a487932a6a6fe') in 0.013191 seconds
  Import took 0.021063 seconds .

========================================================================
Received Prepare
Registering precompiled user dll's ...
Registered in 0.004822 seconds.
Begin MonoManager ReloadAssembly
Native extension for WindowsStandalone target not found
Refreshing native plugins compatible for Editor in 0.45 ms, found 0 plugins.
Preloading 0 native plugins for Editor in 0.00 ms.
Invoked RoslynAnalysisRunner static constructor.
RoslynAnalysisRunner will not be running.
RoslynAnalysisRunner has terminated.
Mono: successfully reloaded assembly
- Completed reload, in  1.880 seconds
Platform modules already initialized, skipping
Refreshing native plugins compatible for Editor in 0.57 ms, found 0 plugins.
Preloading 0 native plugins for Editor in 0.00 ms.
Unloading 1156 Unused Serialized files (Serialized files now loaded: 0)
System memory in use before: 60.2 MB.
System memory in use after: 60.3 MB.

Unloading 7 unused Assets to reduce memory usage. Loaded Objects now: 1625.
Total: 5.276500 ms (FindLiveObjects: 0.254000 ms CreateObjectMapping: 0.070600 ms MarkObjects: 4.803700 ms  DeleteObjects: 0.145400 ms)

========================================================================
Received Import Request.
  Time since last request: 70.909339 seconds.
  path: Assets/GameManager.cs
  artifactKey: Guid(74418a0faac1e62448be343153eca29e) Importer(815301076,1909f56bfc062723c751e8b465ee728b)
Start importing Assets/GameManager.cs using Guid(74418a0faac1e62448be343153eca29e) Importer(815301076,1909f56bfc062723c751e8b465ee728b)  -> (artifact id: '3db9930a0faeecb046a7ec25ca4c1d47') in 0.015694 seconds
  Import took 0.022715 seconds .

========================================================================
Received Import Request.
  Time since last request: 197.965803 seconds.
  path: Assets/GameManager.cs
  artifactKey: Guid(74418a0faac1e62448be343153eca29e) Importer(815301076,1909f56bfc062723c751e8b465ee728b)
Start importing Assets/GameManager.cs using Guid(74418a0faac1e62448be343153eca29e) Importer(815301076,1909f56bfc062723c751e8b465ee728b)  -> (artifact id: 'd181b53921fcf8f78cdaa49e6edae793') in 0.009790 seconds
  Import took 0.015878 seconds .

========================================================================
Received Import Request.
  Time since last request: 108.323924 seconds.
  path: Assets/GameManager.cs
  artifactKey: Guid(74418a0faac1e62448be343153eca29e) Importer(815301076,1909f56bfc062723c751e8b465ee728b)
Start importing Assets/GameManager.cs using Guid(74418a0faac1e62448be343153eca29e) Importer(815301076,1909f56bfc062723c751e8b465ee728b)  -> (artifact id: 'e1aca11bfbd0d2e957864d0e07f75614') in 0.016199 seconds
  Import took 0.023021 seconds .

========================================================================
Received Import Request.
  Time since last request: 56.471403 seconds.
  path: Assets/GameManager.cs
  artifactKey: Guid(74418a0faac1e62448be343153eca29e) Importer(815301076,1909f56bfc062723c751e8b465ee728b)
Start importing Assets/GameManager.cs using Guid(74418a0faac1e62448be343153eca29e) Importer(815301076,1909f56bfc062723c751e8b465ee728b)  -> (artifact id: 'c3b638091f9d742de0f8d50d24bafdf0') in 0.006903 seconds
  Import took 0.044103 seconds .

========================================================================
Received Import Request.
  Time since last request: 94.400665 seconds.
  path: Assets/GameManager.cs
  artifactKey: Guid(74418a0faac1e62448be343153eca29e) Importer(815301076,1909f56bfc062723c751e8b465ee728b)
Start importing Assets/GameManager.cs using Guid(74418a0faac1e62448be343153eca29e) Importer(815301076,1909f56bfc062723c751e8b465ee728b)  -> (artifact id: 'b8ed893a6ddc64cb57b77db0624980f5') in 0.009919 seconds
  Import took 0.015548 seconds .

========================================================================
Received Prepare
Registering precompiled user dll's ...
Registered in 0.004458 seconds.
Begin MonoManager ReloadAssembly
Native extension for WindowsStandalone target not found
Refreshing native plugins compatible for Editor in 0.39 ms, found 0 plugins.
Preloading 0 native plugins for Editor in 0.00 ms.
Invoked RoslynAnalysisRunner static constructor.
RoslynAnalysisRunner will not be running.
RoslynAnalysisRunner has terminated.
Mono: successfully reloaded assembly
- Completed reload, in  1.734 seconds
Platform modules already initialized, skipping
Refreshing native plugins compatible for Editor in 0.47 ms, found 0 plugins.
Preloading 0 native plugins for Editor in 0.00 ms.
Unloading 1156 Unused Serialized files (Serialized files now loaded: 0)
System memory in use before: 60.4 MB.
System memory in use after: 60.5 MB.

Unloading 7 unused Assets to reduce memory usage. Loaded Objects now: 1627.
Total: 3.640900 ms (FindLiveObjects: 0.245600 ms CreateObjectMapping: 0.080500 ms MarkObjects: 3.161600 ms  DeleteObjects: 0.151200 ms)

========================================================================
Received Import Request.
  Time since last request: 140.824402 seconds.
  path: Assets/GameManager.cs
  artifactKey: Guid(74418a0faac1e62448be343153eca29e) Importer(815301076,1909f56bfc062723c751e8b465ee728b)
Start importing Assets/GameManager.cs using Guid(74418a0faac1e62448be343153eca29e) Importer(815301076,1909f56bfc062723c751e8b465ee728b)  -> (artifact id: '926b239b5208c88fc19d2c0853cfaf6f') in 0.019273 seconds
  Import took 0.025054 seconds .

========================================================================
Received Import Request.
  Time since last request: 291.163935 seconds.
  path: Assets/GameManager.cs
  artifactKey: Guid(74418a0faac1e62448be343153eca29e) Importer(815301076,1909f56bfc062723c751e8b465ee728b)
Start importing Assets/GameManager.cs using Guid(74418a0faac1e62448be343153eca29e) Importer(815301076,1909f56bfc062723c751e8b465ee728b)  -> (artifact id: '5d0cdba638a820b0a2d7d1dcf3933ba1') in 0.008559 seconds
  Import took 0.031931 seconds .

========================================================================
Received Import Request.
  Time since last request: 0.105075 seconds.
  path: Assets/GameManager.cs
  artifactKey: Guid(74418a0faac1e62448be343153eca29e) Importer(815301076,1909f56bfc062723c751e8b465ee728b)
Start importing Assets/GameManager.cs using Guid(74418a0faac1e62448be343153eca29e) Importer(815301076,1909f56bfc062723c751e8b465ee728b)  -> (artifact id: '5d0cdba638a820b0a2d7d1dcf3933ba1') in 0.013223 seconds
  Import took 0.020710 seconds .

========================================================================
Received Import Request.
  Time since last request: 204.371371 seconds.
  path: Assets/GameManager.cs
  artifactKey: Guid(74418a0faac1e62448be343153eca29e) Importer(815301076,1909f56bfc062723c751e8b465ee728b)
Start importing Assets/GameManager.cs using Guid(74418a0faac1e62448be343153eca29e) Importer(815301076,1909f56bfc062723c751e8b465ee728b)  -> (artifact id: 'a6adebbb7c6729ac249709c34caadd39') in 0.023716 seconds
  Import took 0.071549 seconds .

========================================================================
Received Import Request.
  Time since last request: 139.140274 seconds.
  path: Assets/GameManager.cs
  artifactKey: Guid(74418a0faac1e62448be343153eca29e) Importer(815301076,1909f56bfc062723c751e8b465ee728b)
Start importing Assets/GameManager.cs using Guid(74418a0faac1e62448be343153eca29e) Importer(815301076,1909f56bfc062723c751e8b465ee728b)  -> (artifact id: 'ee218e8db5ccad7ee896749842d9e444') in 0.008800 seconds
  Import took 0.040645 seconds .

========================================================================
Received Prepare
Registering precompiled user dll's ...
Registered in 0.006483 seconds.
Begin MonoManager ReloadAssembly
Native extension for WindowsStandalone target not found
Refreshing native plugins compatible for Editor in 0.44 ms, found 0 plugins.
Preloading 0 native plugins for Editor in 0.00 ms.
Invoked RoslynAnalysisRunner static constructor.
RoslynAnalysisRunner will not be running.
RoslynAnalysisRunner has terminated.
Mono: successfully reloaded assembly
- Completed reload, in  1.873 seconds
Platform modules already initialized, skipping
Refreshing native plugins compatible for Editor in 0.65 ms, found 0 plugins.
Preloading 0 native plugins for Editor in 0.00 ms.
Unloading 1156 Unused Serialized files (Serialized files now loaded: 0)
System memory in use before: 60.5 MB.
System memory in use after: 60.6 MB.

Unloading 7 unused Assets to reduce memory usage. Loaded Objects now: 1629.
Total: 4.609800 ms (FindLiveObjects: 0.182500 ms CreateObjectMapping: 0.055100 ms MarkObjects: 4.160900 ms  DeleteObjects: 0.209900 ms)

========================================================================
Received Import Request.
  Time since last request: 350.120475 seconds.
  path: Assets/GameManager.cs
  artifactKey: Guid(74418a0faac1e62448be343153eca29e) Importer(815301076,1909f56bfc062723c751e8b465ee728b)
Start importing Assets/GameManager.cs using Guid(74418a0faac1e62448be343153eca29e) Importer(815301076,1909f56bfc062723c751e8b465ee728b)  -> (artifact id: '7eb24bc9c19fb0423f0e6271cba7e94b') in 0.020401 seconds
  Import took 0.045115 seconds .

AssetImportWorkerClient::OnTransportError - code=2 error=End of file
